<?xml version="1.0" encoding="UTF-8"?>
<!-- Generated by org.testng.reporters.JUnitXMLReporter -->
<testsuite ignored="6" hostname="DESKTOP-MQK53ML" failures="0" tests="8" name="TestRunner-Chrome" time="366.563" errors="0" timestamp="2022-01-22T02:12:27 IST">
  <testcase classname="com.crm.comcast.contacttest.ContactTest" name="createContactTest" time="19.439"/>
  <testcase classname="com.crm.comcast.contacttest.ContactTest" name="createContactwithOrgTest" time="39.147"/>
  <testcase classname="com.crm.comcast.producttest.CreateNewProductTest" name="createNewProductTest" time="20.394"/>
  <testcase classname="com.crm.comcast.producttest.CreateNewProductTest" name="createNewProductwithCategoryTest" time="20.701"/>
  <testcase classname="com.crm.comcast.orgTest.CreateOrganisationTest" name="createOrgTest" time="20.843"/>
  <testcase classname="com.crm.comcast.orgTest.CreateOrganisationTest" name="createOrgWithIndustryTypeTest" time="17.699"/>
  <testcase classname="com.crm.comcast.producttest.CreatenewVendorTest" name="createNewVendorTest" time="19.868"/>
  <testcase classname="com.crm.comcast.producttest.CreatenewVendorTest" name="createNewVendorWithAccountTypeTest" time="21.63"/>
  <testcase classname="com.crm.GenericLibrary.BaseAnnotationClass" name="@BeforeSuite configBS" time="0.0">
    <ignored/>
  </testcase> <!-- @BeforeSuite configBS -->
  <testcase classname="com.crm.GenericLibrary.BaseAnnotationClass" name="@BeforeSuite configBS" time="0.0">
    <ignored/>
  </testcase> <!-- @BeforeSuite configBS -->
  <testcase classname="com.crm.GenericLibrary.BaseAnnotationClass" name="@BeforeSuite configBS" time="0.0">
    <ignored/>
  </testcase> <!-- @BeforeSuite configBS -->
  <testcase classname="com.crm.GenericLibrary.BaseAnnotationClass" name="@AfterSuite configAS" time="0.0">
    <ignored/>
  </testcase> <!-- @AfterSuite configAS -->
  <testcase classname="com.crm.GenericLibrary.BaseAnnotationClass" name="@AfterSuite configAS" time="0.0">
    <ignored/>
  </testcase> <!-- @AfterSuite configAS -->
  <testcase classname="com.crm.GenericLibrary.BaseAnnotationClass" name="@AfterSuite configAS" time="0.0">
    <ignored/>
  </testcase> <!-- @AfterSuite configAS -->
</testsuite> <!-- TestRunner-Chrome -->
