<?xml version="1.0" encoding="UTF-8"?>
<!-- Generated by org.testng.reporters.JUnitXMLReporter -->
<testsuite ignored="2" hostname="DESKTOP-MQK53ML" failures="0" tests="4" name="TestRunner-1" time="216.622" errors="0" timestamp="2022-01-22T01:50:09 IST">
  <testcase classname="com.crm.comcast.contacttest.ContactTest" name="createContactTest" time="42.985"/>
  <testcase classname="com.crm.comcast.contacttest.ContactTest" name="createContactwithOrgTest" time="31.572"/>
  <testcase classname="com.crm.comcast.producttest.CreateNewProductTest" name="createNewProductTest" time="18.144"/>
  <testcase classname="com.crm.comcast.producttest.CreateNewProductTest" name="createNewProductwithCategoryTest" time="22.691"/>
  <testcase classname="com.crm.GenericLibrary.BaseAnnotationClass" name="@BeforeSuite configBS" time="0.0">
    <ignored/>
  </testcase> <!-- @BeforeSuite configBS -->
  <testcase classname="com.crm.GenericLibrary.BaseAnnotationClass" name="@AfterSuite configAS" time="0.0">
    <ignored/>
  </testcase> <!-- @AfterSuite configAS -->
</testsuite> <!-- TestRunner-1 -->
