<?xml version="1.0" encoding="UTF-8"?>
<!-- Generated by org.testng.reporters.JUnitXMLReporter -->
<testsuite ignored="2" hostname="DESKTOP-MQK53ML" failures="0" tests="2" name="Test" time="122.157" errors="0" timestamp="2022-01-21T13:04:01 IST">
  <testcase classname="com.crm.comcast.contacttest.ContactTest" name="createContactTest" time="26.357"/>
  <testcase classname="com.crm.comcast.orgTest.CreateOrganisationTest" name="createOrgTest" time="15.739"/>
  <testcase classname="com.crm.comcast.orgTest.CreateOrganisationTest" name="createOrgWithIndustryTypeTest" time="0.0">
    <ignored/>
  </testcase> <!-- createOrgWithIndustryTypeTest -->
  <testcase classname="com.crm.comcast.contacttest.ContactTest" name="createContactwithOrgTest" time="0.0">
    <ignored/>
  </testcase> <!-- createContactwithOrgTest -->
</testsuite> <!-- Test -->
